#
# There is insufficient memory for the Java Runtime Environment to continue.
# Native memory allocation (malloc) failed to allocate 65552 bytes for Chunk::new
# Possible reasons:
#   The system is out of physical RAM or swap space
#   The process is running with CompressedOops enabled, and the Java Heap may be blocking the growth of the native heap
# Possible solutions:
#   Reduce memory load on the system
#   Increase physical memory or swap space
#   Check if swap backing store is full
#   Decrease Java heap size (-Xmx/-Xms)
#   Decrease number of Java threads
#   Decrease Java thread stack sizes (-Xss)
#   Set larger code cache with -XX:ReservedCodeCacheSize=
#   JVM is running with Unscaled Compressed Oops mode in which the Java heap is
#     placed in the first 4GB address space. The Java Heap base address is the
#     maximum limit for the native heap growth. Please use -XX:HeapBaseMinAddress
#     to set the Java Heap base and to place the Java Heap above 4GB virtual address.
# This output file may be truncated or incomplete.
#
#  Out of Memory Error (allocation.cpp:389), pid=12372, tid=0x00000000000009f0
#
# JRE version: OpenJDK Runtime Environment (8.0_202-b03) (build 1.8.0_202-release-1483-b03)
# Java VM: OpenJDK 64-Bit Server VM (25.202-b03 mixed mode windows-amd64 compressed oops)
# Failed to write core dump. Minidumps are not enabled by default on client versions of Windows
#

---------------  T H R E A D  ---------------

Current thread (0x0000000018536800):  JavaThread "C2 CompilerThread0" daemon [_thread_in_native, id=2544, stack(0x0000000018e10000,0x0000000018f10000)]

Stack: [0x0000000018e10000,0x0000000018f10000]
[error occurred during error reporting (printing stack bounds), id 0xc0000005]

Native frames: (J=compiled Java code, j=interpreted, Vv=VM code, C=native code)


Current CompileTask:
C2:4070162 36118 %     4       com.android.tools.r8.ir.optimize.CodeRewriter::j @ 242 (671 bytes)


---------------  P R O C E S S  ---------------

Java Threads: ( => current thread )
  0x000000001e1eb000 JavaThread "Cache worker for Java compile cache (C:\Users\igoyy\AndroidStudioProjects\MyApplication13\.gradle\5.4.1\javaCompile)" [_thread_blocked, id=144, stack(0x0000000036b00000,0x0000000036c00000)]
  0x000000001e1f0000 JavaThread "RMI TCP Connection(14)-127.0.0.1" daemon [_thread_in_native, id=4800, stack(0x0000000036a00000,0x0000000036b00000)]
  0x000000001e1ee800 JavaThread "Cache worker for execution history cache (C:\Users\igoyy\AndroidStudioProjects\MyApplication13\.gradle\5.4.1\executionHistory)" [_thread_blocked, id=4148, stack(0x0000000036700000,0x0000000036800000)]
  0x000000001e1f1000 JavaThread "Execution worker for ':' Thread 7" [_thread_in_native, id=13048, stack(0x0000000036400000,0x0000000036500000)]
  0x000000001e1e7000 JavaThread "Execution worker for ':' Thread 6" [_thread_in_Java, id=12896, stack(0x0000000036300000,0x0000000036400000)]
  0x000000001e1ee000 JavaThread "Execution worker for ':' Thread 5" [_thread_in_native, id=9940, stack(0x0000000036200000,0x0000000036300000)]
  0x000000001e1ed000 JavaThread "Execution worker for ':' Thread 4" [_thread_in_native, id=4892, stack(0x0000000036100000,0x0000000036200000)]
  0x000000001e1ec800 JavaThread "Execution worker for ':' Thread 3" [_thread_in_Java, id=9572, stack(0x0000000036000000,0x0000000036100000)]
  0x000000001e1ea000 JavaThread "Execution worker for ':' Thread 2" [_thread_in_Java, id=6256, stack(0x0000000035f00000,0x0000000036000000)]
  0x000000001f439800 JavaThread "Execution worker for ':'" [_thread_in_native, id=984, stack(0x0000000035e00000,0x0000000035f00000)]
  0x000000001f43a000 JavaThread "Cache worker for file content cache (C:\Users\igoyy\AndroidStudioProjects\MyApplication13\.gradle\5.4.1\fileContent)" [_thread_blocked, id=5908, stack(0x0000000035d00000,0x0000000035e00000)]
  0x000000001f438000 JavaThread "Cache worker for Build Output Cleanup Cache (C:\Users\igoyy\AndroidStudioProjects\MyApplication13\.gradle\buildOutputCleanup)" [_thread_blocked, id=1364, stack(0x0000000035800000,0x0000000035900000)]
  0x000000001f437000 JavaThread "pool-38-thread-1" [_thread_blocked, id=11088, stack(0x0000000034b00000,0x0000000034c00000)]
  0x000000001f43b000 JavaThread "Build operations Thread 8" [_thread_blocked, id=10696, stack(0x0000000034800000,0x0000000034900000)]
  0x000000001f436800 JavaThread "Build operations Thread 7" [_thread_blocked, id=7588, stack(0x0000000034100000,0x0000000034200000)]
  0x000000001f43c800 JavaThread "Build operations Thread 6" [_thread_blocked, id=8220, stack(0x0000000033800000,0x0000000033900000)]
  0x000000001f42f800 JavaThread "Build operations Thread 5" [_thread_blocked, id=9020, stack(0x0000000032440000,0x0000000032540000)]
  0x000000001f435800 JavaThread "Build operations Thread 4" [_thread_blocked, id=7756, stack(0x000000002ec50000,0x000000002ed50000)]
  0x000000001f434000 JavaThread "Build operations Thread 3" [_thread_blocked, id=5628, stack(0x000000002c5a0000,0x000000002c6a0000)]
  0x000000001f433800 JavaThread "Build operations Thread 2" [_thread_blocked, id=8160, stack(0x000000002bd80000,0x000000002be80000)]
  0x000000001f432800 JavaThread "Build operations" [_thread_blocked, id=12192, stack(0x000000002a160000,0x000000002a260000)]
  0x000000001f432000 JavaThread "Cache worker for cache directory md-rule (C:\Users\igoyy\.gradle\caches\5.4.1\md-rule)" [_thread_blocked, id=7120, stack(0x0000000028110000,0x0000000028210000)]
  0x00000000240c5800 JavaThread "Cache worker for cache directory md-supplier (C:\Users\igoyy\.gradle\caches\5.4.1\md-supplier)" [_thread_blocked, id=5968, stack(0x0000000027210000,0x0000000027310000)]
  0x00000000240c4800 JavaThread "Cache worker for file hash cache (C:\Users\igoyy\AndroidStudioProjects\MyApplication13\.gradle\5.4.1\fileHashes)" [_thread_blocked, id=2712, stack(0x0000000026410000,0x0000000026510000)]
  0x00000000240c8800 JavaThread "Thread-579" [_thread_blocked, id=8456, stack(0x0000000023070000,0x0000000023170000)]
  0x00000000240c7000 JavaThread "Stdin handler" [_thread_blocked, id=1716, stack(0x0000000021970000,0x0000000021a70000)]
  0x00000000240c4000 JavaThread "Asynchronous log dispatcher for DefaultDaemonConnection: socket connection from /127.0.0.1:55236 to /127.0.0.1:53012" [_thread_blocked, id=4084, stack(0x0000000021170000,0x0000000021270000)]
  0x00000000240ca000 JavaThread "Daemon worker Thread 11" [_thread_in_Java, id=13140, stack(0x000000001f7b0000,0x000000001f8b0000)]
  0x00000000240bc800 JavaThread "Cancel handler" [_thread_blocked, id=6880, stack(0x000000001e410000,0x000000001e510000)]
  0x00000000240c3000 JavaThread "Handler for socket connection from /127.0.0.1:55236 to /127.0.0.1:53012" [_thread_in_native, id=9488, stack(0x000000001bb70000,0x000000001bc70000)]
  0x00000000240be800 JavaThread "Daemon Thread 11" [_thread_blocked, id=11128, stack(0x00000000009d0000,0x0000000000ad0000)]
  0x0000000029205000 JavaThread "Cache worker for Java compile cache (C:\Users\igoyy\.gradle\caches\5.4.1\javaCompile)" [_thread_blocked, id=3056, stack(0x0000000036800000,0x0000000036900000)]
  0x000000001db56000 JavaThread "RMI TCP Accept-0" daemon [_thread_in_native, id=10800, stack(0x0000000036e00000,0x0000000036f00000)]
  0x000000002920b000 JavaThread "MarlinRenderer Disposer" daemon [_thread_blocked, id=8060, stack(0x0000000037500000,0x0000000037600000)]
  0x0000000029202000 JavaThread "Java2D Disposer" daemon [_thread_blocked, id=724, stack(0x0000000037100000,0x0000000037200000)]
  0x0000000023f59800 JavaThread "google-crash-pool-0" daemon [_thread_blocked, id=1732, stack(0x000000002c4a0000,0x000000002c5a0000)]
  0x0000000023f63000 JavaThread "RMI Reaper" [_thread_blocked, id=4716, stack(0x000000002f5a0000,0x000000002f6a0000)]
  0x0000000023f5e800 JavaThread "RMI TCP Accept-0" daemon [_thread_in_native, id=4856, stack(0x000000002f4a0000,0x000000002f5a0000)]
  0x0000000023f61000 JavaThread "GC Daemon" daemon [_thread_blocked, id=3276, stack(0x000000002f3a0000,0x000000002f4a0000)]
  0x0000000023f5d000 JavaThread "RMI Scheduler(0)" daemon [_thread_blocked, id=3780, stack(0x000000002f040000,0x000000002f140000)]
  0x000000001e1e8000 JavaThread "Cache worker for file content cache (C:\Users\igoyy\.gradle\caches\5.4.1\fileContent)" [_thread_blocked, id=12076, stack(0x000000002b880000,0x000000002b980000)]
  0x000000001f42e000 JavaThread "pool-4-thread-1" [_thread_blocked, id=11620, stack(0x0000000028210000,0x0000000028310000)]
  0x000000001f42d800 JavaThread "pool-2-thread-1" [_thread_blocked, id=8392, stack(0x0000000026510000,0x0000000026610000)]
  0x000000001e1f5800 JavaThread "Memory manager" [_thread_blocked, id=2976, stack(0x00000000252f0000,0x00000000253f0000)]
  0x000000001e1f1800 JavaThread "pool-1-thread-1" [_thread_blocked, id=3368, stack(0x00000000249f0000,0x0000000024af0000)]
  0x0000000019bb9000 JavaThread "Cache worker for execution history cache (C:\Users\igoyy\.gradle\caches\5.4.1\executionHistory)" [_thread_blocked, id=12992, stack(0x0000000021270000,0x0000000021370000)]
  0x0000000019bba000 JavaThread "Cache worker for journal cache (C:\Users\igoyy\.gradle\caches\journal-1)" [_thread_blocked, id=7684, stack(0x000000001d140000,0x000000001d240000)]
  0x0000000019bbb800 JavaThread "File lock request listener" [_thread_in_native, id=7656, stack(0x000000001d040000,0x000000001d140000)]
  0x000000001ab0a800 JavaThread "Cache worker for file hash cache (C:\Users\igoyy\.gradle\caches\5.4.1\fileHashes)" [_thread_blocked, id=11148, stack(0x000000001cf40000,0x000000001d040000)]
  0x0000000018659000 JavaThread "Daemon periodic checks" [_thread_blocked, id=11408, stack(0x000000001b470000,0x000000001b570000)]
  0x0000000019693000 JavaThread "Incoming local TCP Connector on port 55236" [_thread_in_native, id=2084, stack(0x000000001b220000,0x000000001b320000)]
  0x000000001a28a000 JavaThread "Daemon health stats" [_thread_blocked, id=9644, stack(0x000000001abe0000,0x000000001ace0000)]
  0x00000000185d0800 JavaThread "Service Thread" daemon [_thread_blocked, id=5832, stack(0x0000000019210000,0x0000000019310000)]
  0x0000000018541000 JavaThread "C1 CompilerThread3" daemon [_thread_blocked, id=11512, stack(0x0000000019110000,0x0000000019210000)]
  0x000000001853d800 JavaThread "C2 CompilerThread2" daemon [_thread_in_native, id=8404, stack(0x0000000019010000,0x0000000019110000)]
  0x0000000018537000 JavaThread "C2 CompilerThread1" daemon [_thread_in_native, id=12468, stack(0x0000000018f10000,0x0000000019010000)]
=>0x0000000018536800 JavaThread "C2 CompilerThread0" daemon [_thread_in_native, id=2544, stack(0x0000000018e10000,0x0000000018f10000)]
  0x0000000018535000 JavaThread "Attach Listener" daemon [_thread_blocked, id=7988, stack(0x0000000018d10000,0x0000000018e10000)]
  0x0000000018533800 JavaThread "Signal Dispatcher" daemon [_thread_blocked, id=10680, stack(0x0000000018c10000,0x0000000018d10000)]
  0x0000000018521000 JavaThread "Finalizer" daemon [_thread_blocked, id=3796, stack(0x0000000018a00000,0x0000000018b00000)]
  0x0000000018520800 JavaThread "Reference Handler" daemon [_thread_blocked, id=852, stack(0x0000000018900000,0x0000000018a00000)]
  0x000000000274e800 JavaThread "main" [_thread_blocked, id=9412, stack(0x0000000002750000,0x0000000002850000)]

Other Threads:
  0x0000000016705800 VMThread [stack: 0x0000000018400000,0x0000000018500000] [id=12452]
  0x00000000185d1000 WatcherThread [stack: 0x0000000019310000,0x0000000019410000] [id=3352]

VM state:not at safepoint (normal execution)

VM Mutex/Monitor currently owned by a thread: None

OutOfMemory and StackOverflow Exception counts:
OutOfMemoryError java_heap_errors=2

heap address: 0x00000000a0000000, size: 1536 MB, Compressed Oops mode: 32-bit
Narrow klass base: 0x0000000000000000, Narrow klass shift: 3
Compressed class space size: 1073741824 Address: 0x0000000100000000

Heap:
 PSYoungGen      total 431104K, used 266124K [0x00000000e0000000, 0x00000000ff800000, 0x0000000100000000)
  eden space 350720K, 70% used [0x00000000e0000000,0x00000000ef00f178,0x00000000f5680000)
  from space 80384K, 25% used [0x00000000f5680000,0x00000000f6a54200,0x00000000fa500000)
  to   space 75264K, 0% used [0x00000000fae80000,0x00000000fae80000,0x00000000ff800000)
 ParOldGen       total 397824K, used 280374K [0x00000000a0000000, 0x00000000b8480000, 0x00000000e0000000)
  object space 397824K, 70% used [0x00000000a0000000,0x00000000b11cd938,0x00000000b8480000)
 Metaspace       used 257987K, capacity 271760K, committed 275312K, reserved 1290240K
  class space    used 31975K, capacity 34508K, committed 35240K, reserved 1048576K

Card table byte_map: [0x0000000011d10000,0x0000000012020000] byte_map_base: 0x0000000011810000

Marking Bits: (ParMarkBitMap*) 0x000000005be49f30
 Begin Bits: [0x0000000012a20000, 0x0000000014220000)
 End Bits:   [0x0000000014220000, 0x0000000015a20000)

Polling page: 0x0000000002650000

CodeCache: size=245760Kb used=100556Kb max_used=100557Kb free=145203Kb
 bounds [0x0000000002950000, 0x0000000008c20000, 0x0000000011950000]
 total_blobs=29018 nmethods=27932 adapters=997
 compilation: enabled

Compilation events (10 events):
Event: 4069.913 Thread 0x0000000018541000 36433       2       com.android.tools.r8.code.t1::a (1 bytes)
Event: 4069.913 Thread 0x0000000018541000 nmethod 36433 0x0000000004c1a9d0 code [0x0000000004c1ab20, 0x0000000004c1ac70]
Event: 4069.914 Thread 0x000000001853d800 nmethod 36107% 0x0000000008c12050 code [0x0000000008c124a0, 0x0000000008c15b08]
Event: 4069.915 Thread 0x000000001853d800 36226       4       com.android.tools.r8.ir.code.F::a (184 bytes)
Event: 4069.944 Thread 0x000000001853d800 nmethod 36226 0x0000000008737650 code [0x0000000008737820, 0x0000000008738518]
Event: 4069.945 Thread 0x000000001853d800 36073       4       com.android.tools.r8.ir.conversion.IRBuilder::a (672 bytes)
Event: 4069.960 Thread 0x0000000018541000 36434       2       com.android.tools.r8.ir.conversion.N::b (152 bytes)
Event: 4069.961 Thread 0x0000000018541000 nmethod 36434 0x00000000087e5bd0 code [0x00000000087e5d80, 0x00000000087e61d8]
Event: 4069.984 Thread 0x0000000018541000 36435       2       java.util.WeakHashMap$HashIterator::nextEntry (81 bytes)
Event: 4069.985 Thread 0x0000000018541000 nmethod 36435 0x0000000007b8d110 code [0x0000000007b8d2a0, 0x0000000007b8d608]

GC Heap History (10 events):
Event: 4064.073 GC heap before
{Heap before GC invocations=77 (full 6):
 PSYoungGen      total 419328K, used 324000K [0x00000000e0000000, 0x00000000ff900000, 0x0000000100000000)
  eden space 320512K, 100% used [0x00000000e0000000,0x00000000f3900000,0x00000000f3900000)
  from space 98816K, 3% used [0x00000000f9880000,0x00000000f9be8000,0x00000000ff900000)
  to   space 97792K, 0% used [0x00000000f3900000,0x00000000f3900000,0x00000000f9880000)
 ParOldGen       total 397824K, used 235982K [0x00000000a0000000, 0x00000000b8480000, 0x00000000e0000000)
  object space 397824K, 59% used [0x00000000a0000000,0x00000000ae673b08,0x00000000b8480000)
 Metaspace       used 256872K, capacity 270396K, committed 274408K, reserved 1288192K
  class space    used 31817K, capacity 34250K, committed 35240K, reserved 1048576K
Event: 4064.119 GC heap after
Heap after GC invocations=77 (full 6):
 PSYoungGen      total 418304K, used 3344K [0x00000000e0000000, 0x00000000ffa00000, 0x0000000100000000)
  eden space 320512K, 0% used [0x00000000e0000000,0x00000000e0000000,0x00000000f3900000)
  from space 97792K, 3% used [0x00000000f3900000,0x00000000f3c44040,0x00000000f9880000)
  to   space 95232K, 0% used [0x00000000f9d00000,0x00000000f9d00000,0x00000000ffa00000)
 ParOldGen       total 397824K, used 238874K [0x00000000a0000000, 0x00000000b8480000, 0x00000000e0000000)
  object space 397824K, 60% used [0x00000000a0000000,0x00000000ae946b20,0x00000000b8480000)
 Metaspace       used 256872K, capacity 270396K, committed 274408K, reserved 1288192K
  class space    used 31817K, capacity 34250K, committed 35240K, reserved 1048576K
}
Event: 4068.248 GC heap before
{Heap before GC invocations=78 (full 6):
 PSYoungGen      total 418304K, used 323856K [0x00000000e0000000, 0x00000000ffa00000, 0x0000000100000000)
  eden space 320512K, 100% used [0x00000000e0000000,0x00000000f3900000,0x00000000f3900000)
  from space 97792K, 3% used [0x00000000f3900000,0x00000000f3c44040,0x00000000f9880000)
  to   space 95232K, 0% used [0x00000000f9d00000,0x00000000f9d00000,0x00000000ffa00000)
 ParOldGen       total 397824K, used 238874K [0x00000000a0000000, 0x00000000b8480000, 0x00000000e0000000)
  object space 397824K, 60% used [0x00000000a0000000,0x00000000ae946b20,0x00000000b8480000)
 Metaspace       used 257917K, capacity 271682K, committed 275312K, reserved 1290240K
  class space    used 31974K, capacity 34507K, committed 35240K, reserved 1048576K
Event: 4068.300 GC heap after
Heap after GC invocations=78 (full 6):
 PSYoungGen      total 417792K, used 24427K [0x00000000e0000000, 0x00000000ff180000, 0x0000000100000000)
  eden space 331264K, 0% used [0x00000000e0000000,0x00000000e0000000,0x00000000f4380000)
  from space 86528K, 28% used [0x00000000f9d00000,0x00000000fb4daec8,0x00000000ff180000)
  to   space 89088K, 0% used [0x00000000f4380000,0x00000000f4380000,0x00000000f9a80000)
 ParOldGen       total 397824K, used 241906K [0x00000000a0000000, 0x00000000b8480000, 0x00000000e0000000)
  object space 397824K, 60% used [0x00000000a0000000,0x00000000aec3c830,0x00000000b8480000)
 Metaspace       used 257917K, capacity 271682K, committed 275312K, reserved 1290240K
  class space    used 31974K, capacity 34507K, committed 35240K, reserved 1048576K
}
Event: 4068.911 GC heap before
{Heap before GC invocations=79 (full 6):
 PSYoungGen      total 417792K, used 355691K [0x00000000e0000000, 0x00000000ff180000, 0x0000000100000000)
  eden space 331264K, 100% used [0x00000000e0000000,0x00000000f4380000,0x00000000f4380000)
  from space 86528K, 28% used [0x00000000f9d00000,0x00000000fb4daec8,0x00000000ff180000)
  to   space 89088K, 0% used [0x00000000f4380000,0x00000000f4380000,0x00000000f9a80000)
 ParOldGen       total 397824K, used 241906K [0x00000000a0000000, 0x00000000b8480000, 0x00000000e0000000)
  object space 397824K, 60% used [0x00000000a0000000,0x00000000aec3c830,0x00000000b8480000)
 Metaspace       used 257938K, capacity 271754K, committed 275312K, reserved 1290240K
  class space    used 31974K, capacity 34507K, committed 35240K, reserved 1048576K
Event: 4068.937 GC heap after
Heap after GC invocations=79 (full 6):
 PSYoungGen      total 420352K, used 15976K [0x00000000e0000000, 0x00000000ff980000, 0x0000000100000000)
  eden space 331264K, 0% used [0x00000000e0000000,0x00000000e0000000,0x00000000f4380000)
  from space 89088K, 17% used [0x00000000f4380000,0x00000000f531a1b0,0x00000000f9a80000)
  to   space 84480K, 0% used [0x00000000fa700000,0x00000000fa700000,0x00000000ff980000)
 ParOldGen       total 397824K, used 255359K [0x00000000a0000000, 0x00000000b8480000, 0x00000000e0000000)
  object space 397824K, 64% used [0x00000000a0000000,0x00000000af95ffe8,0x00000000b8480000)
 Metaspace       used 257938K, capacity 271754K, committed 275312K, reserved 1290240K
  class space    used 31974K, capacity 34507K, committed 35240K, reserved 1048576K
}
Event: 4069.382 GC heap before
{Heap before GC invocations=80 (full 6):
 PSYoungGen      total 420352K, used 347240K [0x00000000e0000000, 0x00000000ff980000, 0x0000000100000000)
  eden space 331264K, 100% used [0x00000000e0000000,0x00000000f4380000,0x00000000f4380000)
  from space 89088K, 17% used [0x00000000f4380000,0x00000000f531a1b0,0x00000000f9a80000)
  to   space 84480K, 0% used [0x00000000fa700000,0x00000000fa700000,0x00000000ff980000)
 ParOldGen       total 397824K, used 256656K [0x00000000a0000000, 0x00000000b8480000, 0x00000000e0000000)
  object space 397824K, 64% used [0x00000000a0000000,0x00000000afaa4288,0x00000000b8480000)
 Metaspace       used 257960K, capacity 271760K, committed 275312K, reserved 1290240K
  class space    used 31974K, capacity 34508K, committed 35240K, reserved 1048576K
Event: 4069.417 GC heap after
Heap after GC invocations=80 (full 6):
 PSYoungGen      total 429056K, used 15412K [0x00000000e0000000, 0x00000000ff380000, 0x0000000100000000)
  eden space 350720K, 0% used [0x00000000e0000000,0x00000000e0000000,0x00000000f5680000)
  from space 78336K, 19% used [0x00000000fa700000,0x00000000fb60d018,0x00000000ff380000)
  to   space 80384K, 0% used [0x00000000f5680000,0x00000000f5680000,0x00000000fa500000)
 ParOldGen       total 397824K, used 268371K [0x00000000a0000000, 0x00000000b8480000, 0x00000000e0000000)
  object space 397824K, 67% used [0x00000000a0000000,0x00000000b0614e18,0x00000000b8480000)
 Metaspace       used 257960K, capacity 271760K, committed 275312K, reserved 1290240K
  class space    used 31974K, capacity 34508K, committed 35240K, reserved 1048576K
}
Event: 4069.840 GC heap before
{Heap before GC invocations=81 (full 6):
 PSYoungGen      total 429056K, used 366132K [0x00000000e0000000, 0x00000000ff380000, 0x0000000100000000)
  eden space 350720K, 100% used [0x00000000e0000000,0x00000000f5680000,0x00000000f5680000)
  from space 78336K, 19% used [0x00000000fa700000,0x00000000fb60d018,0x00000000ff380000)
  to   space 80384K, 0% used [0x00000000f5680000,0x00000000f5680000,0x00000000fa500000)
 ParOldGen       total 397824K, used 269620K [0x00000000a0000000, 0x00000000b8480000, 0x00000000e0000000)
  object space 397824K, 67% used [0x00000000a0000000,0x00000000b074d080,0x00000000b8480000)
 Metaspace       used 257975K, capacity 271760K, committed 275312K, reserved 1290240K
  class space    used 31975K, capacity 34508K, committed 35240K, reserved 1048576K
Event: 4069.877 GC heap after
Heap after GC invocations=81 (full 6):
 PSYoungGen      total 431104K, used 20304K [0x00000000e0000000, 0x00000000ff800000, 0x0000000100000000)
  eden space 350720K, 0% used [0x00000000e0000000,0x00000000e0000000,0x00000000f5680000)
  from space 80384K, 25% used [0x00000000f5680000,0x00000000f6a54200,0x00000000fa500000)
  to   space 75264K, 0% used [0x00000000fae80000,0x00000000fae80000,0x00000000ff800000)
 ParOldGen       total 397824K, used 280374K [0x00000000a0000000, 0x00000000b8480000, 0x00000000e0000000)
  object space 397824K, 70% used [0x00000000a0000000,0x00000000b11cd938,0x00000000b8480000)
 Metaspace       used 257975K, capacity 271760K, committed 275312K, reserved 1290240K
  class space    used 31975K, capacity 34508K, committed 35240K, reserved 1048576K
}

Deoptimization events (10 events):
Event: 4068.091 Thread 0x000000001e1e7000 Uncommon trap: reason=unstable_if action=reinterpret pc=0x0000000007bdcbf4 method=com.android.tools.r8.graph.DexCode.f()Lcom/android/tools/r8/graph/n; @ 15
Event: 4068.646 Thread 0x00000000240ca000 Uncommon trap: reason=unstable_if action=reinterpret pc=0x0000000008b346ec method=com.android.tools.r8.graph.y.a(ILjava/lang/String;Ljava/lang/String;Ljava/lang/String;[Ljava/lang/String;)Lcom/android/tools/r8/t/a/a/u; @ 7
Event: 4068.646 Thread 0x00000000240ca000 Uncommon trap: reason=unstable_if action=reinterpret pc=0x0000000008b49968 method=com.android.tools.r8.graph.A.c()V @ 30
Event: 4069.794 Thread 0x000000001e1e7000 Uncommon trap: reason=unstable_if action=reinterpret pc=0x0000000008a2424c method=com.android.tools.r8.n.a.a.a.g.H0.b([III)[I @ 3
Event: 4069.989 Thread 0x000000001e1f1000 Uncommon trap: reason=speculate_class_check action=maybe_recompile pc=0x00000000077fb488 method=org.gradle.internal.Try.map(Ljava/util/function/Function;)Lorg/gradle/internal/Try; @ 10
Event: 4069.989 Thread 0x000000001e1f1000 Uncommon trap: reason=class_check action=maybe_recompile pc=0x00000000057ff190 method=org.gradle.internal.Try$Success.flatMap(Ljava/util/function/Function;)Lorg/gradle/internal/Try; @ 10
Event: 4069.989 Thread 0x000000001e1f1000 Uncommon trap: reason=class_check action=maybe_recompile pc=0x00000000057ff190 method=org.gradle.internal.Try$Success.flatMap(Ljava/util/function/Function;)Lorg/gradle/internal/Try; @ 10
Event: 4069.992 Thread 0x00000000240ca000 Uncommon trap: reason=speculate_class_check action=maybe_recompile pc=0x00000000077fb488 method=org.gradle.internal.Try.map(Ljava/util/function/Function;)Lorg/gradle/internal/Try; @ 10
Event: 4069.992 Thread 0x00000000240ca000 Uncommon trap: reason=class_check action=maybe_recompile pc=0x00000000057ff190 method=org.gradle.internal.Try$Success.flatMap(Ljava/util/function/Function;)Lorg/gradle/internal/Try; @ 10
Event: 4069.992 Thread 0x00000000240ca000 Uncommon trap: reason=class_check action=maybe_recompile pc=0x00000000057ff190 method=org.gradle.internal.Try$Success.flatMap(Ljava/util/function/Function;)Lorg/gradle/internal/Try; @ 10

Classes redefined (0 events):
No events

Internal exceptions (10 events):
Event: 4069.325 Thread 0x000000001e1ee000 Exception <a 'sun/nio/fs/WindowsException'> (0x00000000f2299dc0) thrown at [D:\src\AOSP-openjdk-cygwin\jdk8u\hotspot\src\share\vm\prims\jni.cpp, line 710]
Event: 4069.331 Thread 0x000000001e1f1000 Exception <a 'sun/nio/fs/WindowsException'> (0x00000000f2547b78) thrown at [D:\src\AOSP-openjdk-cygwin\jdk8u\hotspot\src\share\vm\prims\jni.cpp, line 710]
Event: 4069.344 Thread 0x000000001f439800 Exception <a 'sun/nio/fs/WindowsException'> (0x00000000f2ea9f40) thrown at [D:\src\AOSP-openjdk-cygwin\jdk8u\hotspot\src\share\vm\prims\jni.cpp, line 710]
Event: 4069.424 Thread 0x000000001e1ed000 Exception <a 'sun/nio/fs/WindowsException'> (0x00000000e06819c0) thrown at [D:\src\AOSP-openjdk-cygwin\jdk8u\hotspot\src\share\vm\prims\jni.cpp, line 710]
Event: 4069.463 Thread 0x00000000240ca000 Exception <a 'sun/nio/fs/WindowsException'> (0x00000000e28b0cb8) thrown at [D:\src\AOSP-openjdk-cygwin\jdk8u\hotspot\src\share\vm\prims\jni.cpp, line 710]
Event: 4069.606 Thread 0x000000001e1ec800 Exception <a 'sun/nio/fs/WindowsException'> (0x00000000ea9db900) thrown at [D:\src\AOSP-openjdk-cygwin\jdk8u\hotspot\src\share\vm\prims\jni.cpp, line 710]
Event: 4069.635 Thread 0x000000001e1ee000 Exception <a 'sun/nio/fs/WindowsException'> (0x00000000ec33d528) thrown at [D:\src\AOSP-openjdk-cygwin\jdk8u\hotspot\src\share\vm\prims\jni.cpp, line 710]
Event: 4069.963 Thread 0x000000001f439800 Exception <a 'sun/nio/fs/WindowsException'> (0x00000000e1aaf078) thrown at [D:\src\AOSP-openjdk-cygwin\jdk8u\hotspot\src\share\vm\prims\jni.cpp, line 710]
Event: 4069.983 Thread 0x000000001e1f1000 Exception <a 'java/lang/OutOfMemoryError'> (0x00000000e30e16b0) thrown at [D:\src\AOSP-openjdk-cygwin\jdk8u\hotspot\src\share\vm\prims\jni.cpp, line 736]
Event: 4069.984 Thread 0x00000000240ca000 Exception <a 'java/lang/OutOfMemoryError'> (0x00000000e2a795e0) thrown at [D:\src\AOSP-openjdk-cygwin\jdk8u\hotspot\src\share\vm\prims\jni.cpp, line 736]

Events (10 events):
Event: 4069.992 Thread 0x00000000240ca000 DEOPT PACKING pc=0x00000000057ff190 sp=0x000000001f8abaf0
Event: 4069.992 Thread 0x00000000240ca000 DEOPT UNPACKING pc=0x000000000299557b sp=0x000000001f8aba70 mode 2
Event: 4069.993 Thread 0x000000001e1ec800 DEOPT PACKING pc=0x000000000832ba10 sp=0x00000000360fba70
Event: 4069.993 Thread 0x000000001e1ec800 DEOPT UNPACKING pc=0x00000000029971d0 sp=0x00000000360fb8b0 mode 0
Event: 4069.994 Thread 0x000000001e1ec800 DEOPT PACKING pc=0x000000000835dccc sp=0x00000000360fba40
Event: 4069.994 Thread 0x000000001e1ec800 DEOPT UNPACKING pc=0x00000000029971d0 sp=0x00000000360fb8d8 mode 0
Event: 4069.997 Thread 0x000000001e1ea000 DEOPT PACKING pc=0x00000000083a8547 sp=0x0000000035ffb8b0
Event: 4069.997 Thread 0x000000001e1ea000 DEOPT UNPACKING pc=0x00000000029971d0 sp=0x0000000035ffb6d8 mode 0
Event: 4069.999 Thread 0x000000001e1e7000 DEOPT PACKING pc=0x000000000828a078 sp=0x00000000363fb660
Event: 4069.999 Thread 0x000000001e1e7000 DEOPT UNPACKING pc=0x00000000029971d0 sp=0x00000000363fb518 mode 0


Dynamic libraries:
0x00007ff7f6e30000 - 0x00007ff7f6e61000 	C:\Program Files\Android\Android Studio\jre\bin\java.exe
0x00007ffee0d30000 - 0x00007ffee0f25000 	C:\WINDOWS\SYSTEM32\ntdll.dll
0x00007ffedfae0000 - 0x00007ffedfb9d000 	C:\WINDOWS\System32\KERNEL32.DLL
0x00007ffedeac0000 - 0x00007ffeded89000 	C:\WINDOWS\System32\KERNELBASE.dll
0x00007ffedfe00000 - 0x00007ffedfeac000 	C:\WINDOWS\System32\ADVAPI32.dll
0x00007ffedf530000 - 0x00007ffedf5ce000 	C:\WINDOWS\System32\msvcrt.dll
0x00007ffedfec0000 - 0x00007ffedff5b000 	C:\WINDOWS\System32\sechost.dll
0x00007ffee0b50000 - 0x00007ffee0c7a000 	C:\WINDOWS\System32\RPCRT4.dll
0x00007ffedf940000 - 0x00007ffedfae0000 	C:\WINDOWS\System32\USER32.dll
0x00007ffede9f0000 - 0x00007ffedea12000 	C:\WINDOWS\System32\win32u.dll
0x00007ffedfc50000 - 0x00007ffedfc7a000 	C:\WINDOWS\System32\GDI32.dll
0x00007ffede640000 - 0x00007ffede74b000 	C:\WINDOWS\System32\gdi32full.dll
0x00007ffedea20000 - 0x00007ffedeabd000 	C:\WINDOWS\System32\msvcp_win.dll
0x00007ffede540000 - 0x00007ffede640000 	C:\WINDOWS\System32\ucrtbase.dll
0x00007ffed66a0000 - 0x00007ffed693a000 	C:\WINDOWS\WinSxS\amd64_microsoft.windows.common-controls_6595b64144ccf1df_6.0.19041.1110_none_60b5254171f9507e\COMCTL32.dll
0x00007ffeded90000 - 0x00007ffededc0000 	C:\WINDOWS\System32\IMM32.DLL
0x000000005c140000 - 0x000000005c212000 	C:\Program Files\Android\Android Studio\jre\jre\bin\msvcr100.dll
0x000000005b680000 - 0x000000005bec6000 	C:\Program Files\Android\Android Studio\jre\jre\bin\server\jvm.dll
0x00007ffedf5d0000 - 0x00007ffedf5d8000 	C:\WINDOWS\System32\PSAPI.DLL
0x00007ffed9d90000 - 0x00007ffed9d99000 	C:\WINDOWS\SYSTEM32\WSOCK32.dll
0x00007ffed2f50000 - 0x00007ffed2f77000 	C:\WINDOWS\SYSTEM32\WINMM.dll
0x00007ffed5040000 - 0x00007ffed504a000 	C:\WINDOWS\SYSTEM32\VERSION.dll
0x00007ffee0c80000 - 0x00007ffee0ceb000 	C:\WINDOWS\System32\WS2_32.dll
0x00007ffed8030000 - 0x00007ffed803f000 	C:\Program Files\Android\Android Studio\jre\jre\bin\verify.dll
0x00007ffed7ff0000 - 0x00007ffed8019000 	C:\Program Files\Android\Android Studio\jre\jre\bin\java.dll
0x00007ffed6f40000 - 0x00007ffed6f56000 	C:\Program Files\Android\Android Studio\jre\jre\bin\zip.dll
0x00007ffee0320000 - 0x00007ffee0a5f000 	C:\WINDOWS\System32\SHELL32.dll
0x00007ffedd1b0000 - 0x00007ffedd940000 	C:\WINDOWS\SYSTEM32\windows.storage.dll
0x00007ffedffc0000 - 0x00007ffee0315000 	C:\WINDOWS\System32\combase.dll
0x00007ffedde50000 - 0x00007ffedde7c000 	C:\WINDOWS\SYSTEM32\Wldp.dll
0x00007ffedf600000 - 0x00007ffedf6ae000 	C:\WINDOWS\System32\SHCORE.dll
0x00007ffedff60000 - 0x00007ffedffb5000 	C:\WINDOWS\System32\shlwapi.dll
0x00007ffede3a0000 - 0x00007ffede3bf000 	C:\WINDOWS\SYSTEM32\profapi.dll
0x00007ffed6610000 - 0x00007ffed662a000 	C:\Program Files\Android\Android Studio\jre\jre\bin\net.dll
0x00007ffedd0e0000 - 0x00007ffedd14a000 	C:\WINDOWS\system32\mswsock.dll
0x00007ffed6520000 - 0x00007ffed6531000 	C:\Program Files\Android\Android Studio\jre\jre\bin\nio.dll
0x00007ffecd160000 - 0x00007ffecd186000 	C:\Users\igoyy\.gradle\native\29\windows-amd64\native-platform.dll
0x00007ffed6600000 - 0x00007ffed660d000 	C:\Program Files\Android\Android Studio\jre\jre\bin\management.dll
0x00007ffeddda0000 - 0x00007ffedddb8000 	C:\WINDOWS\SYSTEM32\CRYPTSP.dll
0x000000005d230000 - 0x000000005d241000 	C:\Program Files\Common Files\Crypto Pro\AppCompat\cpadvai.dll
0x000000005d250000 - 0x000000005d257000 	C:\Program Files\Common Files\Crypto Pro\AppCompat\detoured.dll
0x00007ffedca60000 - 0x00007ffedca94000 	C:\WINDOWS\system32\rsaenh.dll
0x00007ffede510000 - 0x00007ffede537000 	C:\WINDOWS\System32\bcrypt.dll
0x00007ffede360000 - 0x00007ffede38e000 	C:\WINDOWS\SYSTEM32\USERENV.dll
0x00007ffede8b0000 - 0x00007ffede933000 	C:\WINDOWS\System32\bcryptprimitives.dll
0x00007ffedddc0000 - 0x00007ffedddcc000 	C:\WINDOWS\SYSTEM32\CRYPTBASE.dll
0x00007ffedcdd0000 - 0x00007ffedce0b000 	C:\WINDOWS\SYSTEM32\IPHLPAPI.DLL
0x00007ffedfeb0000 - 0x00007ffedfeb8000 	C:\WINDOWS\System32\NSI.dll
0x00007ffed8370000 - 0x00007ffed8387000 	C:\WINDOWS\SYSTEM32\dhcpcsvc6.DLL
0x00007ffed8350000 - 0x00007ffed836d000 	C:\WINDOWS\SYSTEM32\dhcpcsvc.DLL
0x00007ffedce10000 - 0x00007ffedcedc000 	C:\WINDOWS\SYSTEM32\DNSAPI.dll
0x00007ffed4ca0000 - 0x00007ffed4cc4000 	C:\Program Files\Android\Android Studio\jre\jre\bin\sunec.dll
0x00007ffed6040000 - 0x00007ffed604a000 	C:\Windows\System32\rasadhlp.dll
0x00007ffed6e60000 - 0x00007ffed6edf000 	C:\WINDOWS\System32\fwpuclnt.dll
0x00007ffed6440000 - 0x00007ffed644b000 	C:\Program Files\Android\Android Studio\jre\jre\bin\sunmscapi.dll
0x00007ffede750000 - 0x00007ffede8af000 	C:\WINDOWS\System32\CRYPT32.dll
0x000000005d260000 - 0x000000005d27f000 	C:\Program Files\Common Files\Crypto Pro\AppCompat\cpcrypt.dll
0x00007ffeca080000 - 0x00007ffeca09e000 	C:\Users\igoyy\AppData\Local\Temp\native-platform7636850326289664571dir\native-platform.dll
0x00007ffec84c0000 - 0x00007ffec865c000 	C:\Program Files\Android\Android Studio\jre\jre\bin\awt.dll
0x00007ffedf870000 - 0x00007ffedf93d000 	C:\WINDOWS\System32\OLEAUT32.dll
0x00007ffedbc70000 - 0x00007ffedbc9f000 	C:\WINDOWS\SYSTEM32\dwmapi.dll
0x00007ffeda600000 - 0x00007ffedabc0000 	C:\WINDOWS\SYSTEM32\d2d1.dll
0x00007ffedb970000 - 0x00007ffedba00000 	C:\WINDOWS\SYSTEM32\apphelp.dll
0x00007ffedba80000 - 0x00007ffedbb1e000 	C:\WINDOWS\system32\uxtheme.dll
0x00007ffec9880000 - 0x00007ffec989e000 	C:\Users\igoyy\AppData\Local\Temp\native-platform2031582296943760392dir\native-platform.dll

VM Arguments:
jvm_args: -Xmx1536m -Dfile.encoding=windows-1251 -Duser.country=RU -Duser.language=ru -Duser.variant 
java_command: org.gradle.launcher.daemon.bootstrap.GradleDaemon 5.4.1
java_class_path (initial): C:\Users\igoyy\.gradle\wrapper\dists\gradle-5.4.1-all\3221gyojl5jsh0helicew7rwx\gradle-5.4.1\lib\gradle-launcher-5.4.1.jar
Launcher Type: SUN_STANDARD

Environment Variables:
JAVA_HOME=C:\Program Files\Java\jdk-12
PATH=C:\Program Files (x86)\Common Files\Oracle\Java\javapath;C:\WINDOWS\system32;C:\WINDOWS;C:\WINDOWS\System32\Wbem;C:\WINDOWS\System32\WindowsPowerShell\v1.0\;C:\WINDOWS\System32\OpenSSH\;C:\Program Files\dotnet\;C:\Program Files\Microsoft SQL Server\130\Tools\Binn\;C:\Program Files\Microsoft SQL Server\Client SDK\ODBC\170\Tools\Binn\;C:\Program Files (x86)\NVIDIA Corporation\PhysX\Common;C:\Program Files\Git\cmd;C:\Users\igoyy\AppData\Local\Microsoft\WindowsApps;C:\Users\igoyy\AppData\Local\atom\bin;C:\altera\13.1\modelsim_ase\win32aloem;C:\Program Files (x86)\clisp-2.49;C:\Users\igoyy\AppData\Local\Microsoft\WindowsApps;C:\Program Files (x86)\swipl\bin
USERNAME=igoyy
OS=Windows_NT
PROCESSOR_IDENTIFIER=Intel64 Family 6 Model 26 Stepping 4, GenuineIntel



---------------  S Y S T E M  ---------------

OS: Windows 10.0 , 64 bit Build 19041 (10.0.19041.1151)

CPU:total 8 (initial active 8) (4 cores per cpu, 2 threads per core) family 6 model 26 stepping 4, cmov, cx8, fxsr, mmx, sse, sse2, sse3, ssse3, sse4.1, sse4.2, popcnt, ht, tsc, tscinvbit, tscinv

Memory: 4k page, physical 8387060k(455908k free), swap 14678516k(864k free)

vm_info: OpenJDK 64-Bit Server VM (25.202-b03) for windows-amd64 JRE (1.8.0_202-release-1483-b03), built by "builder" with MS VC++ 10.0 (VS2010)

time: Mon Sep 13 12:02:00 2021
timezone: Новосибирское стандартное время
elapsed time: 4070 seconds (0d 1h 7m 50s)

